[GIN-debug] [WARNING] Running in "debug" mode. Switch to "release" mode in production.
 - using env:	export GIN_MODE=release
 - using code:	gin.SetMode(gin.ReleaseMode)

[GIN-debug] GET    /css/*filepath            --> github.com/gin-gonic/gin.(*RouterGroup).createStaticHandler.func1 (1 handlers)
[GIN-debug] HEAD   /css/*filepath            --> github.com/gin-gonic/gin.(*RouterGroup).createStaticHandler.func1 (1 handlers)
[GIN-debug] Loaded HTML Templates (4): 
	- index.html
	- 
	- footer.html
	- header.html

[GIN-debug] GET    /api/videos               --> main.main.func1 (5 handlers)
[GIN-debug] POST   /api/videos               --> main.main.func2 (5 handlers)
[GIN-debug] GET    /view/videos              --> gitlab.com/pragmaticreviews/golang-gin-poc/controller.VideoController.ShowAll-fm (5 handlers)
[GIN-debug] [WARNING] You trusted all proxies, this is NOT safe. We recommend you to set a value.
Please check https://pkg.go.dev/github.com/gin-gonic/gin#readme-don-t-trust-all-proxies for details.
[GIN-debug] Listening and serving HTTP on :8080
::1 - [17 Jan 22 10:29 +0545] POST /videos 404 527.625µs 
::1 - [17 Jan 22 10:29 +0545] POST /api/videos 400 528.708µs 
::1 - [17 Jan 22 10:30 +0545] POST /api/videos 200 526.292µs 
::1 - [17 Jan 22 10:32 +0545] GET / 401 286.709µs 
::1 - [17 Jan 22 10:33 +0545] GET / 404 362.334µs 
::1 - [17 Jan 22 10:33 +0545] GET /favicon.ico 404 189.125µs 
::1 - [17 Jan 22 10:33 +0545] GET /view/videos 200 1.995042ms 
